<?xml version="1.0" encoding="UTF-8"?>
<!-- Generated by org.testng.reporters.JUnitReportReporter -->
<testsuite hostname="DESKTOP-R93R9SP" failures="0" tests="1" name="AmazonTest.TestNG1LoginPage" time="0.005" errors="0" timestamp="2022-02-14T00:43:44 IST" skipped="0">
  <testcase classname="AmazonTest.TestNG1LoginPage" name="toVerifyLoginPage" time="0.005"/>
  <system-out/>
</testsuite> <!-- AmazonTest.TestNG1LoginPage -->
